STATUS: qc_raw_fastq in_progress
STATUS: qc_raw_fastq finished
STATUS: detect_adapters in_progress
STATUS: detect_adapters finished
STATUS: quantify_adapters in_progress
STATUS: quantify_adapters finished
STATUS: trim_fastq in_progress
STATUS: trim_fastq finished
STATUS: qc_trimmed_fastq in_progress
STATUS: qc_trimmed_fastq finished
STATUS: map_fastq_to_bam in_progress
STATUS: map_fastq_to_bam finished
STATUS: index_bam in_progress
STATUS: index_bam finished
STATUS: dedup_bam in_progress
STATUS: dedup_bam finished
STATUS: index_dedup_bam in_progress
STATUS: index_dedup_bam finished
STATUS: qc_nondedup_bam in_progress
STATUS: qc_nondedup_bam finished
STATUS: aggregate_counts in_progress
STATUS: aggregate_counts finished
STATUS: aggregate_qc_reports in_progress
STATUS: aggregate_qc_reports finished
INFO: Pipeline finished.
