[2025-07-23 00:35:25,969] multiqc                                            [DEBUG  ]  No MultiQC config found: /app/software/MultiQC/1.9-foss-2019b-Python-3.7.4/lib/python3.7/site-packages/multiqc_config.yaml
[2025-07-23 00:35:25,969] multiqc                                            [DEBUG  ]  No MultiQC config found: /home/dchen2/.multiqc_config.yaml
[2025-07-23 00:35:25,970] multiqc                                            [DEBUG  ]  No MultiQC config found: multiqc_config.yaml
[2025-07-23 00:35:25,970] multiqc                                            [DEBUG  ]  Command used: /app/software/MultiQC/1.9-foss-2019b-Python-3.7.4/bin/multiqc /fh/fast/greenberg_p/user/dchen2/WILDLIFE/bulk_seq_revised/example_gui_run/qc_reports/individual -o /fh/fast/greenberg_p/user/dchen2/WILDLIFE/bulk_seq_revised/example_gui_run/qc_reports/aggregated -d
[2025-07-23 00:35:26,891] multiqc                                            [WARNING]  MultiQC Version v1.30 now available!
[2025-07-23 00:35:26,892] multiqc                                            [INFO   ]  This is MultiQC v1.9
[2025-07-23 00:35:26,892] multiqc                                            [DEBUG  ]  Command     : /app/software/MultiQC/1.9-foss-2019b-Python-3.7.4/bin/multiqc /fh/fast/greenberg_p/user/dchen2/WILDLIFE/bulk_seq_revised/example_gui_run/qc_reports/individual -o /fh/fast/greenberg_p/user/dchen2/WILDLIFE/bulk_seq_revised/example_gui_run/qc_reports/aggregated -d
[2025-07-23 00:35:26,892] multiqc                                            [DEBUG  ]  Working dir : /fh/fast/greenberg_p/user/dchen2/WILDLIFE/bulk_seq_revised/gui
[2025-07-23 00:35:26,892] multiqc                                            [INFO   ]  Template    : default
[2025-07-23 00:35:26,892] multiqc                                            [DEBUG  ]  Running Python 3.7.4 (default, Mar 25 2020, 09:51:00)  [GCC 8.3.0]
[2025-07-23 00:35:26,892] multiqc                                            [INFO   ]  Prepending directory to sample names
[2025-07-23 00:35:26,892] multiqc                                            [INFO   ]  Searching   : /fh/fast/greenberg_p/user/dchen2/WILDLIFE/bulk_seq_revised/example_gui_run/qc_reports/individual
[2025-07-23 00:35:26,893] multiqc                                            [DEBUG  ]  Analysing modules: custom_content, conpair, peddy, somalier, methylQA, mosdepth, phantompeakqualtools, qualimap, preseq, quast, qorts, rna_seqc, rockhopper, rsem, rseqc, busco, goleft_indexcov, disambiguate, supernova, deeptools, sargasso, verifybamid, mirtrace, happy, mirtop, homer, macs2, theta2, snpeff, gatk, htseq, bcftools, featureCounts, fgbio, dragen, dedup, damageprofiler, biobambam2, mtnucratio, picard, prokka, samblaster, samtools, sexdeterrmine, bamtools, jellyfish, vcftools, longranger, stacks, varscan2, bbmap, bismark, biscuit, hicexplorer, hicup, hicpro, salmon, kallisto, slamdunk, star, hisat2, tophat, bowtie2, bowtie1, snpsplit, kat, leehom, adapterRemoval, clipandmerge, cutadapt, flexbar, kaiju, kraken, malt, trimmomatic, sickle, skewer, sortmerna, biobloomtools, fastq_screen, afterqc, fastp, fastqc, pycoqc, minionqc, multivcfanalyzer, clusterflow, bcl2fastq, interop, ivar, flash, seqyclean
[2025-07-23 00:35:26,894] multiqc                                            [DEBUG  ]  Using temporary directory for creating report: /loc/scratch/26829985/tmp6d51f2np
[2025-07-23 00:35:27,264] multiqc                                            [DEBUG  ]  Ignoring file as matched an ignore pattern: bam_qc.geneBodyCoverage.curves.pdf
[2025-07-23 00:35:27,299] multiqc                                            [DEBUG  ]  File ignored by longranger/invocation because it exceeded search pattern filesize limit: bam_qc.geneBodyCoverage.r
[2025-07-23 00:35:27,333] multiqc                                            [DEBUG  ]  File ignored by longranger/invocation because it exceeded search pattern filesize limit: test_read1.cutadapt_output.log
[2025-07-23 00:35:27,368] multiqc                                            [DEBUG  ]  File ignored by longranger/invocation because it exceeded search pattern filesize limit: test.deduped_stats.txt
[2025-07-23 00:35:27,393] multiqc                                            [DEBUG  ]  File ignored by hicexplorer because it exceeded search pattern filesize limit: test_PICARD_DEDUPED.chr_stats.txt
[2025-07-23 00:35:27,399] multiqc                                            [DEBUG  ]  File ignored by longranger/invocation because it exceeded search pattern filesize limit: test_PICARD_DEDUPED.chr_stats.txt
[2025-07-23 00:35:27,506] multiqc                                            [DEBUG  ]  File ignored by hicexplorer because it exceeded search pattern filesize limit: test_Aligned.sortedByCoord.out.chr_stats.txt
[2025-07-23 00:35:27,512] multiqc                                            [DEBUG  ]  File ignored by longranger/invocation because it exceeded search pattern filesize limit: test_Aligned.sortedByCoord.out.chr_stats.txt
[2025-07-23 00:35:27,547] multiqc                                            [DEBUG  ]  File ignored by hicexplorer because it exceeded search pattern filesize limit: test_read1_trimmed_fastqc.html
[2025-07-23 00:35:27,553] multiqc                                            [DEBUG  ]  File ignored by longranger/invocation because it exceeded search pattern filesize limit: test_read1_trimmed_fastqc.html
[2025-07-23 00:35:27,553] multiqc                                            [DEBUG  ]  File ignored by rockhopper because it exceeded search pattern filesize limit: test_read1_trimmed_fastqc.html
[2025-07-23 00:35:27,553] multiqc                                            [DEBUG  ]  File ignored by rseqc/bam_stat because it exceeded search pattern filesize limit: test_read1_trimmed_fastqc.html
[2025-07-23 00:35:27,553] multiqc                                            [DEBUG  ]  File ignored by rseqc/junction_annotation because it exceeded search pattern filesize limit: test_read1_trimmed_fastqc.html
[2025-07-23 00:35:27,553] multiqc                                            [DEBUG  ]  File ignored by rseqc/read_distribution because it exceeded search pattern filesize limit: test_read1_trimmed_fastqc.html
[2025-07-23 00:35:27,553] multiqc                                            [DEBUG  ]  File ignored by rseqc/infer_experiment because it exceeded search pattern filesize limit: test_read1_trimmed_fastqc.html
[2025-07-23 00:35:27,672] multiqc                                            [DEBUG  ]  File ignored by hicexplorer because it exceeded search pattern filesize limit: test_read2_trimmed_fastqc.html
[2025-07-23 00:35:27,678] multiqc                                            [DEBUG  ]  File ignored by longranger/invocation because it exceeded search pattern filesize limit: test_read2_trimmed_fastqc.html
[2025-07-23 00:35:27,678] multiqc                                            [DEBUG  ]  File ignored by rockhopper because it exceeded search pattern filesize limit: test_read2_trimmed_fastqc.html
[2025-07-23 00:35:27,678] multiqc                                            [DEBUG  ]  File ignored by rseqc/bam_stat because it exceeded search pattern filesize limit: test_read2_trimmed_fastqc.html
[2025-07-23 00:35:27,679] multiqc                                            [DEBUG  ]  File ignored by rseqc/junction_annotation because it exceeded search pattern filesize limit: test_read2_trimmed_fastqc.html
[2025-07-23 00:35:27,679] multiqc                                            [DEBUG  ]  File ignored by rseqc/read_distribution because it exceeded search pattern filesize limit: test_read2_trimmed_fastqc.html
[2025-07-23 00:35:27,679] multiqc                                            [DEBUG  ]  File ignored by rseqc/infer_experiment because it exceeded search pattern filesize limit: test_read2_trimmed_fastqc.html
[2025-07-23 00:35:27,798] multiqc                                            [DEBUG  ]  File ignored by hicexplorer because it exceeded search pattern filesize limit: test_read2_fastqc.html
[2025-07-23 00:35:27,804] multiqc                                            [DEBUG  ]  File ignored by longranger/invocation because it exceeded search pattern filesize limit: test_read2_fastqc.html
[2025-07-23 00:35:27,804] multiqc                                            [DEBUG  ]  File ignored by rockhopper because it exceeded search pattern filesize limit: test_read2_fastqc.html
[2025-07-23 00:35:27,804] multiqc                                            [DEBUG  ]  File ignored by rseqc/bam_stat because it exceeded search pattern filesize limit: test_read2_fastqc.html
[2025-07-23 00:35:27,804] multiqc                                            [DEBUG  ]  File ignored by rseqc/junction_annotation because it exceeded search pattern filesize limit: test_read2_fastqc.html
[2025-07-23 00:35:27,804] multiqc                                            [DEBUG  ]  File ignored by rseqc/read_distribution because it exceeded search pattern filesize limit: test_read2_fastqc.html
[2025-07-23 00:35:27,805] multiqc                                            [DEBUG  ]  File ignored by rseqc/infer_experiment because it exceeded search pattern filesize limit: test_read2_fastqc.html
[2025-07-23 00:35:27,920] multiqc                                            [DEBUG  ]  File ignored by hicexplorer because it exceeded search pattern filesize limit: test_read1_fastqc.html
[2025-07-23 00:35:27,926] multiqc                                            [DEBUG  ]  File ignored by longranger/invocation because it exceeded search pattern filesize limit: test_read1_fastqc.html
[2025-07-23 00:35:27,926] multiqc                                            [DEBUG  ]  File ignored by rockhopper because it exceeded search pattern filesize limit: test_read1_fastqc.html
[2025-07-23 00:35:27,926] multiqc                                            [DEBUG  ]  File ignored by rseqc/bam_stat because it exceeded search pattern filesize limit: test_read1_fastqc.html
[2025-07-23 00:35:27,926] multiqc                                            [DEBUG  ]  File ignored by rseqc/junction_annotation because it exceeded search pattern filesize limit: test_read1_fastqc.html
[2025-07-23 00:35:27,926] multiqc                                            [DEBUG  ]  File ignored by rseqc/read_distribution because it exceeded search pattern filesize limit: test_read1_fastqc.html
[2025-07-23 00:35:27,927] multiqc                                            [DEBUG  ]  File ignored by rseqc/infer_experiment because it exceeded search pattern filesize limit: test_read1_fastqc.html
[2025-07-23 00:35:28,034] multiqc                                            [DEBUG  ]  Ignoring file as matched an ignore pattern: test_.adapters_inferred.fa
[2025-07-23 00:35:29,681] multiqc.plots.bargraph                             [DEBUG  ]  Using matplotlib version 3.1.1
[2025-07-23 00:35:29,788] multiqc.plots.linegraph                            [DEBUG  ]  Using matplotlib version 3.1.1
[2025-07-23 00:35:29,793] multiqc                                            [DEBUG  ]  No samples found: custom_content
[2025-07-23 00:35:29,818] multiqc                                            [DEBUG  ]  No samples found: conpair
[2025-07-23 00:35:29,832] multiqc                                            [DEBUG  ]  No samples found: peddy
[2025-07-23 00:35:29,855] multiqc                                            [DEBUG  ]  No samples found: somalier
[2025-07-23 00:35:29,866] multiqc                                            [DEBUG  ]  No samples found: methylQA
[2025-07-23 00:35:29,889] multiqc                                            [DEBUG  ]  No samples found: mosdepth
[2025-07-23 00:35:29,901] multiqc                                            [DEBUG  ]  No samples found: phantompeakqualtools
[2025-07-23 00:35:29,907] multiqc                                            [DEBUG  ]  No samples found: qualimap
[2025-07-23 00:35:29,918] multiqc                                            [DEBUG  ]  No samples found: preseq
[2025-07-23 00:35:29,929] multiqc                                            [DEBUG  ]  No samples found: quast
[2025-07-23 00:35:29,941] multiqc                                            [DEBUG  ]  No samples found: qorts
[2025-07-23 00:35:29,953] multiqc                                            [DEBUG  ]  No samples found: rna_seqc
[2025-07-23 00:35:29,964] multiqc                                            [DEBUG  ]  No samples found: rockhopper
[2025-07-23 00:35:29,978] multiqc                                            [DEBUG  ]  No samples found: rsem
[2025-07-23 00:35:30,018] multiqc.modules.rseqc.rseqc                        [INFO   ]  Found 2 read_distribution reports
[2025-07-23 00:35:30,025] multiqc.modules.rseqc.rseqc                        [INFO   ]  Found 2 gene_body_coverage reports
[2025-07-23 00:35:30,040] multiqc.modules.rseqc.rseqc                        [INFO   ]  Found 2 infer_experiment reports
[2025-07-23 00:35:30,059] multiqc                                            [DEBUG  ]  No samples found: busco
[2025-07-23 00:35:30,070] multiqc                                            [DEBUG  ]  No samples found: goleft_indexcov
[2025-07-23 00:35:30,082] multiqc                                            [DEBUG  ]  No samples found: disambiguate
[2025-07-23 00:35:30,093] multiqc                                            [DEBUG  ]  No samples found: supernova
[2025-07-23 00:35:30,123] multiqc                                            [DEBUG  ]  No samples found: deeptools
[2025-07-23 00:35:30,135] multiqc                                            [DEBUG  ]  No samples found: sargasso
[2025-07-23 00:35:30,147] multiqc                                            [DEBUG  ]  No samples found: verifybamid
[2025-07-23 00:35:30,158] multiqc                                            [DEBUG  ]  No samples found: mirtrace
[2025-07-23 00:35:30,168] multiqc                                            [DEBUG  ]  No samples found: happy
[2025-07-23 00:35:30,179] multiqc                                            [DEBUG  ]  No samples found: mirtop
[2025-07-23 00:35:30,195] multiqc                                            [DEBUG  ]  No samples found: homer
[2025-07-23 00:35:30,208] multiqc                                            [DEBUG  ]  No samples found: macs2
[2025-07-23 00:35:30,220] multiqc                                            [DEBUG  ]  No samples found: theta2
[2025-07-23 00:35:30,230] multiqc                                            [DEBUG  ]  No samples found: snpeff
[2025-07-23 00:35:30,246] multiqc                                            [DEBUG  ]  No samples found: gatk
[2025-07-23 00:35:30,259] multiqc                                            [DEBUG  ]  No samples found: htseq
[2025-07-23 00:35:30,273] multiqc                                            [DEBUG  ]  No samples found: bcftools
[2025-07-23 00:35:30,285] multiqc                                            [DEBUG  ]  No samples found: featureCounts
[2025-07-23 00:35:30,300] multiqc                                            [DEBUG  ]  No samples found: fgbio
[2025-07-23 00:35:30,329] multiqc                                            [DEBUG  ]  No samples found: dragen
[2025-07-23 00:35:30,341] multiqc                                            [DEBUG  ]  No samples found: dedup
[2025-07-23 00:35:30,352] multiqc                                            [DEBUG  ]  No samples found: damageprofiler
[2025-07-23 00:35:30,408] multiqc                                            [DEBUG  ]  No samples found: biobambam2
[2025-07-23 00:35:30,421] multiqc                                            [DEBUG  ]  No samples found: mtnucratio
[2025-07-23 00:35:30,428] multiqc.modules.picard.picard                      [INFO   ]  Found 1 MarkDuplicates reports
[2025-07-23 00:35:30,439] multiqc                                            [DEBUG  ]  No samples found: prokka
[2025-07-23 00:35:30,451] multiqc                                            [DEBUG  ]  No samples found: samblaster
[2025-07-23 00:35:30,470] multiqc                                            [DEBUG  ]  No samples found: samtools
[2025-07-23 00:35:30,483] multiqc                                            [DEBUG  ]  No samples found: sexdeterrmine
[2025-07-23 00:35:30,497] multiqc                                            [DEBUG  ]  No samples found: bamtools
[2025-07-23 00:35:30,508] multiqc                                            [DEBUG  ]  No samples found: jellyfish
[2025-07-23 00:35:30,528] multiqc                                            [DEBUG  ]  No samples found: vcftools
[2025-07-23 00:35:30,541] multiqc                                            [DEBUG  ]  No samples found: longranger
[2025-07-23 00:35:30,552] multiqc                                            [DEBUG  ]  No samples found: stacks
[2025-07-23 00:35:30,563] multiqc                                            [DEBUG  ]  No samples found: varscan2
[2025-07-23 00:35:30,603] multiqc.modules.bbmap.bbmap                        [DEBUG  ]  Parsing /fh/fast/greenberg_p/user/dchen2/WILDLIFE/bulk_seq_revised/example_gui_run/qc_reports/individual/adapter_detection/test_read1.adapters_stats.txt
[2025-07-23 00:35:30,603] multiqc.modules.bbmap.bbmap                        [DEBUG  ]  Found stats output for sample fh | fast | greenberg_p | user | dchen2 | WILDLIFE | bulk_seq_revised | example_gui_run | qc_reports | individual | adapter_detection | test_read1.adapters_stats with 1 rows
[2025-07-23 00:35:30,604] multiqc.modules.bbmap.bbmap                        [DEBUG  ]  Parsing /fh/fast/greenberg_p/user/dchen2/WILDLIFE/bulk_seq_revised/example_gui_run/qc_reports/individual/adapter_detection/test_read2.adapters_stats.txt
[2025-07-23 00:35:30,604] multiqc.modules.bbmap.bbmap                        [DEBUG  ]  Found stats output for sample fh | fast | greenberg_p | user | dchen2 | WILDLIFE | bulk_seq_revised | example_gui_run | qc_reports | individual | adapter_detection | test_read2.adapters_stats with 3 rows
[2025-07-23 00:35:30,604] multiqc.modules.bbmap.bbmap                        [INFO   ]  Found 2 reports
[2025-07-23 00:35:30,604] multiqc.modules.bbmap.bbmap                        [DEBUG  ]  section stats has 2 entries
[2025-07-23 00:35:30,622] multiqc                                            [DEBUG  ]  No samples found: bismark
[2025-07-23 00:35:30,642] multiqc                                            [DEBUG  ]  No samples found: biscuit
[2025-07-23 00:35:30,654] multiqc                                            [DEBUG  ]  No samples found: hicexplorer
[2025-07-23 00:35:30,666] multiqc                                            [DEBUG  ]  No samples found: hicup
[2025-07-23 00:35:30,679] multiqc                                            [DEBUG  ]  No samples found: hicpro
[2025-07-23 00:35:30,696] multiqc                                            [DEBUG  ]  No samples found: salmon
[2025-07-23 00:35:30,708] multiqc                                            [DEBUG  ]  No samples found: kallisto
[2025-07-23 00:35:30,719] multiqc                                            [DEBUG  ]  No samples found: slamdunk
[2025-07-23 00:35:30,729] multiqc                                            [DEBUG  ]  No samples found: star
[2025-07-23 00:35:30,739] multiqc                                            [DEBUG  ]  No samples found: hisat2
[2025-07-23 00:35:30,750] multiqc                                            [DEBUG  ]  No samples found: tophat
[2025-07-23 00:35:30,762] multiqc                                            [DEBUG  ]  No samples found: bowtie2
[2025-07-23 00:35:30,773] multiqc                                            [DEBUG  ]  No samples found: bowtie1
[2025-07-23 00:35:30,784] multiqc                                            [DEBUG  ]  No samples found: snpsplit
[2025-07-23 00:35:30,795] multiqc                                            [DEBUG  ]  No samples found: kat
[2025-07-23 00:35:30,806] multiqc                                            [DEBUG  ]  No samples found: leehom
[2025-07-23 00:35:30,817] multiqc                                            [DEBUG  ]  No samples found: adapterRemoval
[2025-07-23 00:35:30,828] multiqc                                            [DEBUG  ]  No samples found: clipandmerge
[2025-07-23 00:35:30,845] multiqc.modules.cutadapt.cutadapt                  [INFO   ]  Found 1 reports
[2025-07-23 00:35:30,859] multiqc                                            [DEBUG  ]  No samples found: flexbar
[2025-07-23 00:35:30,868] multiqc                                            [DEBUG  ]  No samples found: kaiju
[2025-07-23 00:35:30,881] multiqc                                            [DEBUG  ]  No samples found: kraken
[2025-07-23 00:35:30,891] multiqc                                            [DEBUG  ]  No samples found: malt
[2025-07-23 00:35:30,902] multiqc                                            [DEBUG  ]  No samples found: trimmomatic
[2025-07-23 00:35:30,913] multiqc                                            [DEBUG  ]  No samples found: sickle
[2025-07-23 00:35:30,927] multiqc                                            [DEBUG  ]  No samples found: skewer
[2025-07-23 00:35:30,940] multiqc                                            [DEBUG  ]  No samples found: sortmerna
[2025-07-23 00:35:30,951] multiqc                                            [DEBUG  ]  No samples found: biobloomtools
[2025-07-23 00:35:30,962] multiqc                                            [DEBUG  ]  No samples found: fastq_screen
[2025-07-23 00:35:30,974] multiqc                                            [DEBUG  ]  No samples found: afterqc
[2025-07-23 00:35:30,985] multiqc                                            [DEBUG  ]  No samples found: fastp
[2025-07-23 00:35:31,024] multiqc.modules.fastqc.fastqc                      [INFO   ]  Found 4 reports
[2025-07-23 00:35:31,137] multiqc                                            [DEBUG  ]  No samples found: pycoqc
[2025-07-23 00:35:31,149] multiqc                                            [DEBUG  ]  No samples found: minionqc
[2025-07-23 00:35:31,159] multiqc                                            [DEBUG  ]  No samples found: multivcfanalyzer
[2025-07-23 00:35:31,171] multiqc                                            [DEBUG  ]  No samples found: clusterflow
[2025-07-23 00:35:31,182] multiqc                                            [DEBUG  ]  No samples found: bcl2fastq
[2025-07-23 00:35:31,193] multiqc                                            [DEBUG  ]  No samples found: interop
[2025-07-23 00:35:31,204] multiqc                                            [DEBUG  ]  No samples found: ivar
[2025-07-23 00:35:31,215] multiqc                                            [DEBUG  ]  No samples found: flash
[2025-07-23 00:35:31,225] multiqc                                            [DEBUG  ]  No samples found: seqyclean
[2025-07-23 00:35:31,234] multiqc                                            [INFO   ]  Compressing plot data
[2025-07-23 00:35:31,308] multiqc                                            [INFO   ]  Report      : ../example_gui_run/qc_reports/aggregated/multiqc_report.html
[2025-07-23 00:35:31,308] multiqc                                            [INFO   ]  Data        : ../example_gui_run/qc_reports/aggregated/multiqc_data
[2025-07-23 00:35:31,308] multiqc                                            [DEBUG  ]  Moving data file from '/loc/scratch/26829985/tmp6d51f2np/multiqc_data' to '/fh/fast/greenberg_p/user/dchen2/WILDLIFE/bulk_seq_revised/example_gui_run/qc_reports/aggregated/multiqc_data'
[2025-07-23 00:35:31,815] multiqc                                            [INFO   ]  MultiQC complete
