[2025-07-21 16:27:16,616] multiqc                                            [DEBUG  ]  No MultiQC config found: /app/software/MultiQC/1.9-foss-2019b-Python-3.7.4/lib/python3.7/site-packages/multiqc_config.yaml
[2025-07-21 16:27:16,616] multiqc                                            [DEBUG  ]  No MultiQC config found: /home/dchen2/.multiqc_config.yaml
[2025-07-21 16:27:16,616] multiqc                                            [DEBUG  ]  No MultiQC config found: multiqc_config.yaml
[2025-07-21 16:27:16,616] multiqc                                            [DEBUG  ]  Command used: /app/software/MultiQC/1.9-foss-2019b-Python-3.7.4/bin/multiqc /fh/fast/greenberg_p/user/dchen2/WILDLIFE/bulk_seq_revised/example_run/qc_reports/individual -o /fh/fast/greenberg_p/user/dchen2/WILDLIFE/bulk_seq_revised/example_run/qc_reports/aggregated -d
[2025-07-21 16:27:17,171] multiqc                                            [WARNING]  MultiQC Version v1.30 now available!
[2025-07-21 16:27:17,172] multiqc                                            [INFO   ]  This is MultiQC v1.9
[2025-07-21 16:27:17,172] multiqc                                            [DEBUG  ]  Command     : /app/software/MultiQC/1.9-foss-2019b-Python-3.7.4/bin/multiqc /fh/fast/greenberg_p/user/dchen2/WILDLIFE/bulk_seq_revised/example_run/qc_reports/individual -o /fh/fast/greenberg_p/user/dchen2/WILDLIFE/bulk_seq_revised/example_run/qc_reports/aggregated -d
[2025-07-21 16:27:17,172] multiqc                                            [DEBUG  ]  Working dir : /fh/fast/greenberg_p/user/dchen2/WILDLIFE/bulk_seq_revised
[2025-07-21 16:27:17,172] multiqc                                            [INFO   ]  Template    : default
[2025-07-21 16:27:17,172] multiqc                                            [DEBUG  ]  Running Python 3.7.4 (default, Mar 25 2020, 09:51:00)  [GCC 8.3.0]
[2025-07-21 16:27:17,172] multiqc                                            [INFO   ]  Prepending directory to sample names
[2025-07-21 16:27:17,172] multiqc                                            [INFO   ]  Searching   : /fh/fast/greenberg_p/user/dchen2/WILDLIFE/bulk_seq_revised/example_run/qc_reports/individual
[2025-07-21 16:27:17,173] multiqc                                            [DEBUG  ]  Analysing modules: custom_content, conpair, peddy, somalier, methylQA, mosdepth, phantompeakqualtools, qualimap, preseq, quast, qorts, rna_seqc, rockhopper, rsem, rseqc, busco, goleft_indexcov, disambiguate, supernova, deeptools, sargasso, verifybamid, mirtrace, happy, mirtop, homer, macs2, theta2, snpeff, gatk, htseq, bcftools, featureCounts, fgbio, dragen, dedup, damageprofiler, biobambam2, mtnucratio, picard, prokka, samblaster, samtools, sexdeterrmine, bamtools, jellyfish, vcftools, longranger, stacks, varscan2, bbmap, bismark, biscuit, hicexplorer, hicup, hicpro, salmon, kallisto, slamdunk, star, hisat2, tophat, bowtie2, bowtie1, snpsplit, kat, leehom, adapterRemoval, clipandmerge, cutadapt, flexbar, kaiju, kraken, malt, trimmomatic, sickle, skewer, sortmerna, biobloomtools, fastq_screen, afterqc, fastp, fastqc, pycoqc, minionqc, multivcfanalyzer, clusterflow, bcl2fastq, interop, ivar, flash, seqyclean
[2025-07-21 16:27:17,173] multiqc                                            [DEBUG  ]  Using temporary directory for creating report: /loc/scratch/26446547/tmppyrh8u6q
[2025-07-21 16:27:17,344] multiqc                                            [DEBUG  ]  Ignoring file as matched an ignore pattern: bam_qc.geneBodyCoverage.curves.pdf
[2025-07-21 16:27:17,387] multiqc                                            [DEBUG  ]  File ignored by longranger/invocation because it exceeded search pattern filesize limit: bam_qc.geneBodyCoverage.r
[2025-07-21 16:27:17,425] multiqc                                            [DEBUG  ]  File ignored by longranger/invocation because it exceeded search pattern filesize limit: test_read1.cutadapt_output.log
[2025-07-21 16:27:17,461] multiqc                                            [DEBUG  ]  File ignored by longranger/invocation because it exceeded search pattern filesize limit: test.deduped_stats.txt
[2025-07-21 16:27:17,488] multiqc                                            [DEBUG  ]  File ignored by hicexplorer because it exceeded search pattern filesize limit: test_PICARD_DEDUPED.chr_stats.txt
[2025-07-21 16:27:17,494] multiqc                                            [DEBUG  ]  File ignored by longranger/invocation because it exceeded search pattern filesize limit: test_PICARD_DEDUPED.chr_stats.txt
[2025-07-21 16:27:17,609] multiqc                                            [DEBUG  ]  File ignored by hicexplorer because it exceeded search pattern filesize limit: test_Aligned.sortedByCoord.out.chr_stats.txt
[2025-07-21 16:27:17,615] multiqc                                            [DEBUG  ]  File ignored by longranger/invocation because it exceeded search pattern filesize limit: test_Aligned.sortedByCoord.out.chr_stats.txt
[2025-07-21 16:27:17,691] multiqc                                            [DEBUG  ]  File ignored by hicexplorer because it exceeded search pattern filesize limit: test_read1_trimmed_fastqc.html
[2025-07-21 16:27:17,699] multiqc                                            [DEBUG  ]  File ignored by longranger/invocation because it exceeded search pattern filesize limit: test_read1_trimmed_fastqc.html
[2025-07-21 16:27:17,699] multiqc                                            [DEBUG  ]  File ignored by rockhopper because it exceeded search pattern filesize limit: test_read1_trimmed_fastqc.html
[2025-07-21 16:27:17,699] multiqc                                            [DEBUG  ]  File ignored by rseqc/bam_stat because it exceeded search pattern filesize limit: test_read1_trimmed_fastqc.html
[2025-07-21 16:27:17,699] multiqc                                            [DEBUG  ]  File ignored by rseqc/junction_annotation because it exceeded search pattern filesize limit: test_read1_trimmed_fastqc.html
[2025-07-21 16:27:17,699] multiqc                                            [DEBUG  ]  File ignored by rseqc/read_distribution because it exceeded search pattern filesize limit: test_read1_trimmed_fastqc.html
[2025-07-21 16:27:17,699] multiqc                                            [DEBUG  ]  File ignored by rseqc/infer_experiment because it exceeded search pattern filesize limit: test_read1_trimmed_fastqc.html
[2025-07-21 16:27:17,817] multiqc                                            [DEBUG  ]  File ignored by hicexplorer because it exceeded search pattern filesize limit: test_read2_trimmed_fastqc.html
[2025-07-21 16:27:17,824] multiqc                                            [DEBUG  ]  File ignored by longranger/invocation because it exceeded search pattern filesize limit: test_read2_trimmed_fastqc.html
[2025-07-21 16:27:17,824] multiqc                                            [DEBUG  ]  File ignored by rockhopper because it exceeded search pattern filesize limit: test_read2_trimmed_fastqc.html
[2025-07-21 16:27:17,824] multiqc                                            [DEBUG  ]  File ignored by rseqc/bam_stat because it exceeded search pattern filesize limit: test_read2_trimmed_fastqc.html
[2025-07-21 16:27:17,824] multiqc                                            [DEBUG  ]  File ignored by rseqc/junction_annotation because it exceeded search pattern filesize limit: test_read2_trimmed_fastqc.html
[2025-07-21 16:27:17,824] multiqc                                            [DEBUG  ]  File ignored by rseqc/read_distribution because it exceeded search pattern filesize limit: test_read2_trimmed_fastqc.html
[2025-07-21 16:27:17,824] multiqc                                            [DEBUG  ]  File ignored by rseqc/infer_experiment because it exceeded search pattern filesize limit: test_read2_trimmed_fastqc.html
[2025-07-21 16:27:17,947] multiqc                                            [DEBUG  ]  File ignored by hicexplorer because it exceeded search pattern filesize limit: test_read2_fastqc.html
[2025-07-21 16:27:17,953] multiqc                                            [DEBUG  ]  File ignored by longranger/invocation because it exceeded search pattern filesize limit: test_read2_fastqc.html
[2025-07-21 16:27:17,953] multiqc                                            [DEBUG  ]  File ignored by rockhopper because it exceeded search pattern filesize limit: test_read2_fastqc.html
[2025-07-21 16:27:17,953] multiqc                                            [DEBUG  ]  File ignored by rseqc/bam_stat because it exceeded search pattern filesize limit: test_read2_fastqc.html
[2025-07-21 16:27:17,954] multiqc                                            [DEBUG  ]  File ignored by rseqc/junction_annotation because it exceeded search pattern filesize limit: test_read2_fastqc.html
[2025-07-21 16:27:17,954] multiqc                                            [DEBUG  ]  File ignored by rseqc/read_distribution because it exceeded search pattern filesize limit: test_read2_fastqc.html
[2025-07-21 16:27:17,954] multiqc                                            [DEBUG  ]  File ignored by rseqc/infer_experiment because it exceeded search pattern filesize limit: test_read2_fastqc.html
[2025-07-21 16:27:18,070] multiqc                                            [DEBUG  ]  File ignored by hicexplorer because it exceeded search pattern filesize limit: test_read1_fastqc.html
[2025-07-21 16:27:18,076] multiqc                                            [DEBUG  ]  File ignored by longranger/invocation because it exceeded search pattern filesize limit: test_read1_fastqc.html
[2025-07-21 16:27:18,076] multiqc                                            [DEBUG  ]  File ignored by rockhopper because it exceeded search pattern filesize limit: test_read1_fastqc.html
[2025-07-21 16:27:18,076] multiqc                                            [DEBUG  ]  File ignored by rseqc/bam_stat because it exceeded search pattern filesize limit: test_read1_fastqc.html
[2025-07-21 16:27:18,077] multiqc                                            [DEBUG  ]  File ignored by rseqc/junction_annotation because it exceeded search pattern filesize limit: test_read1_fastqc.html
[2025-07-21 16:27:18,077] multiqc                                            [DEBUG  ]  File ignored by rseqc/read_distribution because it exceeded search pattern filesize limit: test_read1_fastqc.html
[2025-07-21 16:27:18,077] multiqc                                            [DEBUG  ]  File ignored by rseqc/infer_experiment because it exceeded search pattern filesize limit: test_read1_fastqc.html
[2025-07-21 16:27:18,182] multiqc                                            [DEBUG  ]  Ignoring file as matched an ignore pattern: test_.adapters_inferred.fa
[2025-07-21 16:27:18,443] multiqc.plots.bargraph                             [DEBUG  ]  Using matplotlib version 3.1.1
[2025-07-21 16:27:18,444] multiqc.plots.linegraph                            [DEBUG  ]  Using matplotlib version 3.1.1
[2025-07-21 16:27:18,445] multiqc                                            [DEBUG  ]  No samples found: custom_content
[2025-07-21 16:27:18,450] multiqc                                            [DEBUG  ]  No samples found: conpair
[2025-07-21 16:27:18,454] multiqc                                            [DEBUG  ]  No samples found: peddy
[2025-07-21 16:27:18,458] multiqc                                            [DEBUG  ]  No samples found: somalier
[2025-07-21 16:27:18,463] multiqc                                            [DEBUG  ]  No samples found: methylQA
[2025-07-21 16:27:18,469] multiqc                                            [DEBUG  ]  No samples found: mosdepth
[2025-07-21 16:27:18,473] multiqc                                            [DEBUG  ]  No samples found: phantompeakqualtools
[2025-07-21 16:27:18,476] multiqc                                            [DEBUG  ]  No samples found: qualimap
[2025-07-21 16:27:18,480] multiqc                                            [DEBUG  ]  No samples found: preseq
[2025-07-21 16:27:18,485] multiqc                                            [DEBUG  ]  No samples found: quast
[2025-07-21 16:27:18,489] multiqc                                            [DEBUG  ]  No samples found: qorts
[2025-07-21 16:27:18,493] multiqc                                            [DEBUG  ]  No samples found: rna_seqc
[2025-07-21 16:27:18,497] multiqc                                            [DEBUG  ]  No samples found: rockhopper
[2025-07-21 16:27:18,501] multiqc                                            [DEBUG  ]  No samples found: rsem
[2025-07-21 16:27:18,517] multiqc.modules.rseqc.rseqc                        [INFO   ]  Found 2 read_distribution reports
[2025-07-21 16:27:18,521] multiqc.modules.rseqc.rseqc                        [INFO   ]  Found 2 gene_body_coverage reports
[2025-07-21 16:27:18,526] multiqc.modules.rseqc.rseqc                        [INFO   ]  Found 2 infer_experiment reports
[2025-07-21 16:27:18,560] multiqc                                            [DEBUG  ]  No samples found: busco
[2025-07-21 16:27:18,566] multiqc                                            [DEBUG  ]  No samples found: goleft_indexcov
[2025-07-21 16:27:18,570] multiqc                                            [DEBUG  ]  No samples found: disambiguate
[2025-07-21 16:27:18,574] multiqc                                            [DEBUG  ]  No samples found: supernova
[2025-07-21 16:27:18,583] multiqc                                            [DEBUG  ]  No samples found: deeptools
[2025-07-21 16:27:18,587] multiqc                                            [DEBUG  ]  No samples found: sargasso
[2025-07-21 16:27:18,592] multiqc                                            [DEBUG  ]  No samples found: verifybamid
[2025-07-21 16:27:18,597] multiqc                                            [DEBUG  ]  No samples found: mirtrace
[2025-07-21 16:27:18,602] multiqc                                            [DEBUG  ]  No samples found: happy
[2025-07-21 16:27:18,606] multiqc                                            [DEBUG  ]  No samples found: mirtop
[2025-07-21 16:27:18,611] multiqc                                            [DEBUG  ]  No samples found: homer
[2025-07-21 16:27:18,615] multiqc                                            [DEBUG  ]  No samples found: macs2
[2025-07-21 16:27:18,619] multiqc                                            [DEBUG  ]  No samples found: theta2
[2025-07-21 16:27:18,624] multiqc                                            [DEBUG  ]  No samples found: snpeff
[2025-07-21 16:27:18,629] multiqc                                            [DEBUG  ]  No samples found: gatk
[2025-07-21 16:27:18,633] multiqc                                            [DEBUG  ]  No samples found: htseq
[2025-07-21 16:27:18,638] multiqc                                            [DEBUG  ]  No samples found: bcftools
[2025-07-21 16:27:18,643] multiqc                                            [DEBUG  ]  No samples found: featureCounts
[2025-07-21 16:27:18,648] multiqc                                            [DEBUG  ]  No samples found: fgbio
[2025-07-21 16:27:18,657] multiqc                                            [DEBUG  ]  No samples found: dragen
[2025-07-21 16:27:18,662] multiqc                                            [DEBUG  ]  No samples found: dedup
[2025-07-21 16:27:18,666] multiqc                                            [DEBUG  ]  No samples found: damageprofiler
[2025-07-21 16:27:18,682] multiqc                                            [DEBUG  ]  No samples found: biobambam2
[2025-07-21 16:27:18,687] multiqc                                            [DEBUG  ]  No samples found: mtnucratio
[2025-07-21 16:27:18,694] multiqc.modules.picard.picard                      [INFO   ]  Found 1 MarkDuplicates reports
[2025-07-21 16:27:18,699] multiqc                                            [DEBUG  ]  No samples found: prokka
[2025-07-21 16:27:18,703] multiqc                                            [DEBUG  ]  No samples found: samblaster
[2025-07-21 16:27:18,709] multiqc                                            [DEBUG  ]  No samples found: samtools
[2025-07-21 16:27:18,713] multiqc                                            [DEBUG  ]  No samples found: sexdeterrmine
[2025-07-21 16:27:18,718] multiqc                                            [DEBUG  ]  No samples found: bamtools
[2025-07-21 16:27:18,722] multiqc                                            [DEBUG  ]  No samples found: jellyfish
[2025-07-21 16:27:18,729] multiqc                                            [DEBUG  ]  No samples found: vcftools
[2025-07-21 16:27:18,733] multiqc                                            [DEBUG  ]  No samples found: longranger
[2025-07-21 16:27:18,737] multiqc                                            [DEBUG  ]  No samples found: stacks
[2025-07-21 16:27:18,741] multiqc                                            [DEBUG  ]  No samples found: varscan2
[2025-07-21 16:27:18,752] multiqc.modules.bbmap.bbmap                        [DEBUG  ]  Parsing /fh/fast/greenberg_p/user/dchen2/WILDLIFE/bulk_seq_revised/example_run/qc_reports/individual/adapter_detection/test_read1.adapters_stats.txt
[2025-07-21 16:27:18,752] multiqc.modules.bbmap.bbmap                        [DEBUG  ]  Found stats output for sample fh | fast | greenberg_p | user | dchen2 | WILDLIFE | bulk_seq_revised | example_run | qc_reports | individual | adapter_detection | test_read1.adapters_stats with 1 rows
[2025-07-21 16:27:18,753] multiqc.modules.bbmap.bbmap                        [DEBUG  ]  Parsing /fh/fast/greenberg_p/user/dchen2/WILDLIFE/bulk_seq_revised/example_run/qc_reports/individual/adapter_detection/test_read2.adapters_stats.txt
[2025-07-21 16:27:18,753] multiqc.modules.bbmap.bbmap                        [DEBUG  ]  Found stats output for sample fh | fast | greenberg_p | user | dchen2 | WILDLIFE | bulk_seq_revised | example_run | qc_reports | individual | adapter_detection | test_read2.adapters_stats with 3 rows
[2025-07-21 16:27:18,753] multiqc.modules.bbmap.bbmap                        [INFO   ]  Found 2 reports
[2025-07-21 16:27:18,753] multiqc.modules.bbmap.bbmap                        [DEBUG  ]  section stats has 2 entries
[2025-07-21 16:27:18,761] multiqc                                            [DEBUG  ]  No samples found: bismark
[2025-07-21 16:27:18,766] multiqc                                            [DEBUG  ]  No samples found: biscuit
[2025-07-21 16:27:18,770] multiqc                                            [DEBUG  ]  No samples found: hicexplorer
[2025-07-21 16:27:18,774] multiqc                                            [DEBUG  ]  No samples found: hicup
[2025-07-21 16:27:18,778] multiqc                                            [DEBUG  ]  No samples found: hicpro
[2025-07-21 16:27:18,782] multiqc                                            [DEBUG  ]  No samples found: salmon
[2025-07-21 16:27:18,786] multiqc                                            [DEBUG  ]  No samples found: kallisto
[2025-07-21 16:27:18,790] multiqc                                            [DEBUG  ]  No samples found: slamdunk
[2025-07-21 16:27:18,795] multiqc                                            [DEBUG  ]  No samples found: star
[2025-07-21 16:27:18,799] multiqc                                            [DEBUG  ]  No samples found: hisat2
[2025-07-21 16:27:18,803] multiqc                                            [DEBUG  ]  No samples found: tophat
[2025-07-21 16:27:18,807] multiqc                                            [DEBUG  ]  No samples found: bowtie2
[2025-07-21 16:27:18,811] multiqc                                            [DEBUG  ]  No samples found: bowtie1
[2025-07-21 16:27:18,815] multiqc                                            [DEBUG  ]  No samples found: snpsplit
[2025-07-21 16:27:18,819] multiqc                                            [DEBUG  ]  No samples found: kat
[2025-07-21 16:27:18,823] multiqc                                            [DEBUG  ]  No samples found: leehom
[2025-07-21 16:27:18,827] multiqc                                            [DEBUG  ]  No samples found: adapterRemoval
[2025-07-21 16:27:18,831] multiqc                                            [DEBUG  ]  No samples found: clipandmerge
[2025-07-21 16:27:18,840] multiqc.modules.cutadapt.cutadapt                  [INFO   ]  Found 1 reports
[2025-07-21 16:27:18,846] multiqc                                            [DEBUG  ]  No samples found: flexbar
[2025-07-21 16:27:18,850] multiqc                                            [DEBUG  ]  No samples found: kaiju
[2025-07-21 16:27:18,855] multiqc                                            [DEBUG  ]  No samples found: kraken
[2025-07-21 16:27:18,859] multiqc                                            [DEBUG  ]  No samples found: malt
[2025-07-21 16:27:18,863] multiqc                                            [DEBUG  ]  No samples found: trimmomatic
[2025-07-21 16:27:18,867] multiqc                                            [DEBUG  ]  No samples found: sickle
[2025-07-21 16:27:18,871] multiqc                                            [DEBUG  ]  No samples found: skewer
[2025-07-21 16:27:18,876] multiqc                                            [DEBUG  ]  No samples found: sortmerna
[2025-07-21 16:27:18,880] multiqc                                            [DEBUG  ]  No samples found: biobloomtools
[2025-07-21 16:27:18,884] multiqc                                            [DEBUG  ]  No samples found: fastq_screen
[2025-07-21 16:27:18,889] multiqc                                            [DEBUG  ]  No samples found: afterqc
[2025-07-21 16:27:18,893] multiqc                                            [DEBUG  ]  No samples found: fastp
[2025-07-21 16:27:18,909] multiqc.modules.fastqc.fastqc                      [INFO   ]  Found 4 reports
[2025-07-21 16:27:19,010] multiqc                                            [DEBUG  ]  No samples found: pycoqc
[2025-07-21 16:27:19,014] multiqc                                            [DEBUG  ]  No samples found: minionqc
[2025-07-21 16:27:19,018] multiqc                                            [DEBUG  ]  No samples found: multivcfanalyzer
[2025-07-21 16:27:19,023] multiqc                                            [DEBUG  ]  No samples found: clusterflow
[2025-07-21 16:27:19,027] multiqc                                            [DEBUG  ]  No samples found: bcl2fastq
[2025-07-21 16:27:19,031] multiqc                                            [DEBUG  ]  No samples found: interop
[2025-07-21 16:27:19,035] multiqc                                            [DEBUG  ]  No samples found: ivar
[2025-07-21 16:27:19,040] multiqc                                            [DEBUG  ]  No samples found: flash
[2025-07-21 16:27:19,046] multiqc                                            [DEBUG  ]  No samples found: seqyclean
[2025-07-21 16:27:19,053] multiqc                                            [INFO   ]  Compressing plot data
[2025-07-21 16:27:19,125] multiqc                                            [INFO   ]  Report      : example_run/qc_reports/aggregated/multiqc_report.html
[2025-07-21 16:27:19,125] multiqc                                            [INFO   ]  Data        : example_run/qc_reports/aggregated/multiqc_data
[2025-07-21 16:27:19,125] multiqc                                            [DEBUG  ]  Moving data file from '/loc/scratch/26446547/tmppyrh8u6q/multiqc_data' to '/fh/fast/greenberg_p/user/dchen2/WILDLIFE/bulk_seq_revised/example_run/qc_reports/aggregated/multiqc_data'
[2025-07-21 16:27:19,467] multiqc                                            [INFO   ]  MultiQC complete
